2023-04-03 01:04:12,323 ERROR: Exception on /index [GET] [in /Users/emalkhan/microblog/venv/lib/python3.9/site-packages/flask/app.py:1744]
Traceback (most recent call last):
  File "/Users/emalkhan/microblog/venv/lib/python3.9/site-packages/flask/app.py", line 2528, in wsgi_app
    response = self.full_dispatch_request()
  File "/Users/emalkhan/microblog/venv/lib/python3.9/site-packages/flask/app.py", line 1825, in full_dispatch_request
    rv = self.handle_user_exception(e)
  File "/Users/emalkhan/microblog/venv/lib/python3.9/site-packages/flask/app.py", line 1823, in full_dispatch_request
    rv = self.dispatch_request()
  File "/Users/emalkhan/microblog/venv/lib/python3.9/site-packages/flask/app.py", line 1799, in dispatch_request
    return self.ensure_sync(self.view_functions[rule.endpoint])(**view_args)
  File "/Users/emalkhan/microblog/venv/lib/python3.9/site-packages/flask_login/utils.py", line 290, in decorated_view
    return current_app.ensure_sync(func)(*args, **kwargs)
  File "/Users/emalkhan/microblog/app/routes.py", line 31, in index
    return render_template("index.html", title='Home Page', form=form,
  File "/Users/emalkhan/microblog/venv/lib/python3.9/site-packages/flask/templating.py", line 146, in render_template
    template = app.jinja_env.get_or_select_template(template_name_or_list)
  File "/Users/emalkhan/microblog/venv/lib/python3.9/site-packages/jinja2/environment.py", line 1081, in get_or_select_template
    return self.get_template(template_name_or_list, parent, globals)
  File "/Users/emalkhan/microblog/venv/lib/python3.9/site-packages/jinja2/environment.py", line 1010, in get_template
    return self._load_template(name, globals)
  File "/Users/emalkhan/microblog/venv/lib/python3.9/site-packages/jinja2/environment.py", line 969, in _load_template
    template = self.loader.load(self, name, self.make_globals(globals))
  File "/Users/emalkhan/microblog/venv/lib/python3.9/site-packages/jinja2/loaders.py", line 138, in load
    code = environment.compile(source, name, filename)
  File "/Users/emalkhan/microblog/venv/lib/python3.9/site-packages/jinja2/environment.py", line 768, in compile
    self.handle_exception(source=source_hint)
  File "/Users/emalkhan/microblog/venv/lib/python3.9/site-packages/jinja2/environment.py", line 936, in handle_exception
    raise rewrite_traceback_stack(source=source)
  File "/Users/emalkhan/microblog/app/templates/index.html", line 20, in template
    {% endblock %}
jinja2.exceptions.TemplateSyntaxError: Encountered unknown tag 'endblock'. You probably made a nesting mistake. Jinja is expecting this tag, but currently looking for 'elif' or 'else' or 'endif'. The innermost block that needs to be closed is 'if'.
2023-04-03 01:04:28,820 INFO: Microblog startup [in /Users/emalkhan/microblog/app/__init__.py:45]
2023-04-03 01:04:40,459 ERROR: Exception on / [GET] [in /Users/emalkhan/microblog/venv/lib/python3.9/site-packages/flask/app.py:1744]
Traceback (most recent call last):
  File "/Users/emalkhan/microblog/venv/lib/python3.9/site-packages/flask/app.py", line 2528, in wsgi_app
    response = self.full_dispatch_request()
  File "/Users/emalkhan/microblog/venv/lib/python3.9/site-packages/flask/app.py", line 1825, in full_dispatch_request
    rv = self.handle_user_exception(e)
  File "/Users/emalkhan/microblog/venv/lib/python3.9/site-packages/flask/app.py", line 1823, in full_dispatch_request
    rv = self.dispatch_request()
  File "/Users/emalkhan/microblog/venv/lib/python3.9/site-packages/flask/app.py", line 1799, in dispatch_request
    return self.ensure_sync(self.view_functions[rule.endpoint])(**view_args)
  File "/Users/emalkhan/microblog/venv/lib/python3.9/site-packages/flask_login/utils.py", line 290, in decorated_view
    return current_app.ensure_sync(func)(*args, **kwargs)
  File "/Users/emalkhan/microblog/app/routes.py", line 31, in index
    return render_template("index.html", title='Home Page', form=form,
  File "/Users/emalkhan/microblog/venv/lib/python3.9/site-packages/flask/templating.py", line 146, in render_template
    template = app.jinja_env.get_or_select_template(template_name_or_list)
  File "/Users/emalkhan/microblog/venv/lib/python3.9/site-packages/jinja2/environment.py", line 1081, in get_or_select_template
    return self.get_template(template_name_or_list, parent, globals)
  File "/Users/emalkhan/microblog/venv/lib/python3.9/site-packages/jinja2/environment.py", line 1010, in get_template
    return self._load_template(name, globals)
  File "/Users/emalkhan/microblog/venv/lib/python3.9/site-packages/jinja2/environment.py", line 969, in _load_template
    template = self.loader.load(self, name, self.make_globals(globals))
  File "/Users/emalkhan/microblog/venv/lib/python3.9/site-packages/jinja2/loaders.py", line 138, in load
    code = environment.compile(source, name, filename)
  File "/Users/emalkhan/microblog/venv/lib/python3.9/site-packages/jinja2/environment.py", line 768, in compile
    self.handle_exception(source=source_hint)
  File "/Users/emalkhan/microblog/venv/lib/python3.9/site-packages/jinja2/environment.py", line 936, in handle_exception
    raise rewrite_traceback_stack(source=source)
  File "/Users/emalkhan/microblog/app/templates/index.html", line 20, in template
    {% endblock %}
jinja2.exceptions.TemplateSyntaxError: Encountered unknown tag 'endblock'. You probably made a nesting mistake. Jinja is expecting this tag, but currently looking for 'elif' or 'else' or 'endif'. The innermost block that needs to be closed is 'if'.
2023-04-03 01:06:29,823 INFO: Microblog startup [in /Users/emalkhan/microblog/app/__init__.py:45]
2023-04-03 01:06:38,105 ERROR: Exception on / [GET] [in /Users/emalkhan/microblog/venv/lib/python3.9/site-packages/flask/app.py:1744]
Traceback (most recent call last):
  File "/Users/emalkhan/microblog/venv/lib/python3.9/site-packages/flask/app.py", line 2528, in wsgi_app
    response = self.full_dispatch_request()
  File "/Users/emalkhan/microblog/venv/lib/python3.9/site-packages/flask/app.py", line 1825, in full_dispatch_request
    rv = self.handle_user_exception(e)
  File "/Users/emalkhan/microblog/venv/lib/python3.9/site-packages/flask/app.py", line 1823, in full_dispatch_request
    rv = self.dispatch_request()
  File "/Users/emalkhan/microblog/venv/lib/python3.9/site-packages/flask/app.py", line 1799, in dispatch_request
    return self.ensure_sync(self.view_functions[rule.endpoint])(**view_args)
  File "/Users/emalkhan/microblog/venv/lib/python3.9/site-packages/flask_login/utils.py", line 290, in decorated_view
    return current_app.ensure_sync(func)(*args, **kwargs)
  File "/Users/emalkhan/microblog/app/routes.py", line 31, in index
    return render_template("index.html", title='Home Page', form=form,
  File "/Users/emalkhan/microblog/venv/lib/python3.9/site-packages/flask/templating.py", line 146, in render_template
    template = app.jinja_env.get_or_select_template(template_name_or_list)
  File "/Users/emalkhan/microblog/venv/lib/python3.9/site-packages/jinja2/environment.py", line 1081, in get_or_select_template
    return self.get_template(template_name_or_list, parent, globals)
  File "/Users/emalkhan/microblog/venv/lib/python3.9/site-packages/jinja2/environment.py", line 1010, in get_template
    return self._load_template(name, globals)
  File "/Users/emalkhan/microblog/venv/lib/python3.9/site-packages/jinja2/environment.py", line 969, in _load_template
    template = self.loader.load(self, name, self.make_globals(globals))
  File "/Users/emalkhan/microblog/venv/lib/python3.9/site-packages/jinja2/loaders.py", line 138, in load
    code = environment.compile(source, name, filename)
  File "/Users/emalkhan/microblog/venv/lib/python3.9/site-packages/jinja2/environment.py", line 768, in compile
    self.handle_exception(source=source_hint)
  File "/Users/emalkhan/microblog/venv/lib/python3.9/site-packages/jinja2/environment.py", line 936, in handle_exception
    raise rewrite_traceback_stack(source=source)
  File "/Users/emalkhan/microblog/app/templates/index.html", line 20, in template
    {% endblock %}
jinja2.exceptions.TemplateSyntaxError: Encountered unknown tag 'endblock'. You probably made a nesting mistake. Jinja is expecting this tag, but currently looking for 'elif' or 'else' or 'endif'. The innermost block that needs to be closed is 'if'.
2023-04-03 01:08:52,521 INFO: Microblog startup [in /Users/emalkhan/microblog/app/__init__.py:45]
2023-04-03 01:11:21,910 INFO: Microblog startup [in /Users/emalkhan/microblog/app/__init__.py:45]
2023-04-03 01:21:22,271 INFO: Microblog startup [in /Users/emalkhan/microblog/app/__init__.py:45]
2023-04-03 01:29:26,635 INFO: Microblog startup [in /Users/emalkhan/microblog/app/__init__.py:45]
2023-04-03 01:30:21,902 INFO: Microblog startup [in /Users/emalkhan/microblog/app/__init__.py:45]
2023-04-03 01:47:03,889 INFO: Microblog startup [in /Users/emalkhan/microblog/app/__init__.py:45]
2023-04-03 01:48:13,823 INFO: Microblog startup [in /Users/emalkhan/microblog/app/__init__.py:45]
2023-04-03 01:49:21,817 INFO: Microblog startup [in /Users/emalkhan/microblog/app/__init__.py:45]
2023-04-03 01:52:02,507 INFO: Microblog startup [in /Users/emalkhan/microblog/app/__init__.py:45]
